<?xml version="1.0" encoding="UTF-8"?>
<testng-results ignored="0" total="4" passed="4" failed="0" skipped="0">
  <reporter-output>
  </reporter-output>
  <suite started-at="2021-05-15T16:10:37Z" name="NegativeLoginTestSuite" finished-at="2021-05-15T16:10:53Z" duration-ms="15625">
    <groups>
    </groups>
    <test started-at="2021-05-15T16:10:37Z" name="NegativeUserNameTest-CH" finished-at="2021-05-15T16:10:46Z" duration-ms="8847">
      <class name="com.herokuapp.theinternet.Loginpagetests.NegativeLoginTests">
        <test-method is-config="true" signature="setUp(java.lang.String, org.testng.ITestContext)[pri:0, instance:com.herokuapp.theinternet.Loginpagetests.NegativeLoginTests@235ecd9f]" started-at="2021-05-15T16:10:37Z" name="setUp" finished-at="2021-05-15T16:10:38Z" duration-ms="1042" status="PASS">
          <params>
            <param index="0">
              <value>
                <![CDATA[chrome]]>
              </value>
            </param>
            <param index="1">
              <value>
                <![CDATA[org.testng.TestRunner@4d14b6c2]]>
              </value>
            </param>
          </params>
          <reporter-output>
          </reporter-output>
        </test-method> <!-- setUp -->
        <test-method signature="negativeTest(java.lang.String, java.lang.String, java.lang.String)[pri:1, instance:com.herokuapp.theinternet.Loginpagetests.NegativeLoginTests@235ecd9f]" started-at="2021-05-15T16:10:38Z" name="negativeTest" finished-at="2021-05-15T16:10:46Z" duration-ms="7633" status="PASS">
          <params>
            <param index="0">
              <value>
                <![CDATA[incorrectUsername]]>
              </value>
            </param>
            <param index="1">
              <value>
                <![CDATA[SuperSecretPassword!]]>
              </value>
            </param>
            <param index="2">
              <value>
                <![CDATA[Your username is invalid!]]>
              </value>
            </param>
          </params>
          <reporter-output>
          </reporter-output>
        </test-method> <!-- negativeTest -->
        <test-method is-config="true" signature="tearDown()[pri:0, instance:com.herokuapp.theinternet.Loginpagetests.NegativeLoginTests@235ecd9f]" started-at="2021-05-15T16:10:46Z" name="tearDown" finished-at="2021-05-15T16:10:46Z" duration-ms="156" status="PASS">
          <reporter-output>
          </reporter-output>
        </test-method> <!-- tearDown -->
      </class> <!-- com.herokuapp.theinternet.Loginpagetests.NegativeLoginTests -->
    </test> <!-- NegativeUserNameTest-CH -->
    <test started-at="2021-05-15T16:10:37Z" name="NegativePasswordTest-CH" finished-at="2021-05-15T16:10:50Z" duration-ms="12582">
      <class name="com.herokuapp.theinternet.Loginpagetests.NegativeLoginTests">
        <test-method is-config="true" signature="setUp(java.lang.String, org.testng.ITestContext)[pri:0, instance:com.herokuapp.theinternet.Loginpagetests.NegativeLoginTests@cc43f62]" started-at="2021-05-15T16:10:37Z" name="setUp" finished-at="2021-05-15T16:10:38Z" duration-ms="1051" status="PASS">
          <params>
            <param index="0">
              <value>
                <![CDATA[chrome]]>
              </value>
            </param>
            <param index="1">
              <value>
                <![CDATA[org.testng.TestRunner@c05fddc]]>
              </value>
            </param>
          </params>
          <reporter-output>
          </reporter-output>
        </test-method> <!-- setUp -->
        <test-method signature="negativeTest(java.lang.String, java.lang.String, java.lang.String)[pri:1, instance:com.herokuapp.theinternet.Loginpagetests.NegativeLoginTests@cc43f62]" started-at="2021-05-15T16:10:38Z" name="negativeTest" finished-at="2021-05-15T16:10:50Z" duration-ms="11362" status="PASS">
          <params>
            <param index="0">
              <value>
                <![CDATA[tomsmith]]>
              </value>
            </param>
            <param index="1">
              <value>
                <![CDATA[incorrectPassword]]>
              </value>
            </param>
            <param index="2">
              <value>
                <![CDATA[Your password is invalid!]]>
              </value>
            </param>
          </params>
          <reporter-output>
          </reporter-output>
        </test-method> <!-- negativeTest -->
        <test-method is-config="true" signature="tearDown()[pri:0, instance:com.herokuapp.theinternet.Loginpagetests.NegativeLoginTests@cc43f62]" started-at="2021-05-15T16:10:50Z" name="tearDown" finished-at="2021-05-15T16:10:50Z" duration-ms="156" status="PASS">
          <reporter-output>
          </reporter-output>
        </test-method> <!-- tearDown -->
      </class> <!-- com.herokuapp.theinternet.Loginpagetests.NegativeLoginTests -->
    </test> <!-- NegativePasswordTest-CH -->
    <test started-at="2021-05-15T16:10:37Z" name="NegativeUserNameTest-FF" finished-at="2021-05-15T16:10:53Z" duration-ms="15265">
      <class name="com.herokuapp.theinternet.Loginpagetests.NegativeLoginTests">
        <test-method is-config="true" signature="setUp(java.lang.String, org.testng.ITestContext)[pri:0, instance:com.herokuapp.theinternet.Loginpagetests.NegativeLoginTests@606e4010]" started-at="2021-05-15T16:10:37Z" name="setUp" finished-at="2021-05-15T16:10:40Z" duration-ms="3147" status="PASS">
          <params>
            <param index="0">
              <value>
                <![CDATA[firefox]]>
              </value>
            </param>
            <param index="1">
              <value>
                <![CDATA[org.testng.TestRunner@7e990ed7]]>
              </value>
            </param>
          </params>
          <reporter-output>
          </reporter-output>
        </test-method> <!-- setUp -->
        <test-method signature="negativeTest(java.lang.String, java.lang.String, java.lang.String)[pri:1, instance:com.herokuapp.theinternet.Loginpagetests.NegativeLoginTests@606e4010]" started-at="2021-05-15T16:10:40Z" name="negativeTest" finished-at="2021-05-15T16:10:52Z" duration-ms="11452" status="PASS">
          <params>
            <param index="0">
              <value>
                <![CDATA[incorrectUsername]]>
              </value>
            </param>
            <param index="1">
              <value>
                <![CDATA[SuperSecretPassword!]]>
              </value>
            </param>
            <param index="2">
              <value>
                <![CDATA[Your username is invalid!]]>
              </value>
            </param>
          </params>
          <reporter-output>
          </reporter-output>
        </test-method> <!-- negativeTest -->
        <test-method is-config="true" signature="tearDown()[pri:0, instance:com.herokuapp.theinternet.Loginpagetests.NegativeLoginTests@606e4010]" started-at="2021-05-15T16:10:52Z" name="tearDown" finished-at="2021-05-15T16:10:53Z" duration-ms="654" status="PASS">
          <reporter-output>
          </reporter-output>
        </test-method> <!-- tearDown -->
      </class> <!-- com.herokuapp.theinternet.Loginpagetests.NegativeLoginTests -->
    </test> <!-- NegativeUserNameTest-FF -->
    <test started-at="2021-05-15T16:10:37Z" name="NegativePasswordTest-FF" finished-at="2021-05-15T16:10:53Z" duration-ms="15625">
      <class name="com.herokuapp.theinternet.Loginpagetests.NegativeLoginTests">
        <test-method is-config="true" signature="setUp(java.lang.String, org.testng.ITestContext)[pri:0, instance:com.herokuapp.theinternet.Loginpagetests.NegativeLoginTests@33bc72d1]" started-at="2021-05-15T16:10:37Z" name="setUp" finished-at="2021-05-15T16:10:40Z" duration-ms="3142" status="PASS">
          <params>
            <param index="0">
              <value>
                <![CDATA[firefox]]>
              </value>
            </param>
            <param index="1">
              <value>
                <![CDATA[org.testng.TestRunner@69c81773]]>
              </value>
            </param>
          </params>
          <reporter-output>
          </reporter-output>
        </test-method> <!-- setUp -->
        <test-method signature="negativeTest(java.lang.String, java.lang.String, java.lang.String)[pri:1, instance:com.herokuapp.theinternet.Loginpagetests.NegativeLoginTests@33bc72d1]" started-at="2021-05-15T16:10:40Z" name="negativeTest" finished-at="2021-05-15T16:10:52Z" duration-ms="11927" status="PASS">
          <params>
            <param index="0">
              <value>
                <![CDATA[tomsmith]]>
              </value>
            </param>
            <param index="1">
              <value>
                <![CDATA[incorrectPassword]]>
              </value>
            </param>
            <param index="2">
              <value>
                <![CDATA[Your password is invalid!]]>
              </value>
            </param>
          </params>
          <reporter-output>
          </reporter-output>
        </test-method> <!-- negativeTest -->
        <test-method is-config="true" signature="tearDown()[pri:0, instance:com.herokuapp.theinternet.Loginpagetests.NegativeLoginTests@33bc72d1]" started-at="2021-05-15T16:10:52Z" name="tearDown" finished-at="2021-05-15T16:10:53Z" duration-ms="543" status="PASS">
          <reporter-output>
          </reporter-output>
        </test-method> <!-- tearDown -->
      </class> <!-- com.herokuapp.theinternet.Loginpagetests.NegativeLoginTests -->
    </test> <!-- NegativePasswordTest-FF -->
  </suite> <!-- NegativeLoginTestSuite -->
</testng-results>
